Using pre-set license
Built from '2020.3/staging' branch; Version is '2020.3.3f1 (76626098c1c4) revision 7758432'; Using compiler version '192528614'; Build Type 'Release'
OS: 'Windows 10 Home; OS build 19041.928; Version 2004; 64bit' Language: 'ko' Physical Memory: 16341 MB
BatchMode: 1, IsHumanControllingUs: 0, StartBugReporterOnCrash: 0, Is64bit: 1, IsPro: 0

 COMMAND LINE ARGUMENTS:
D:\UnityEdit\2020.3.3f1\Editor\Unity.exe
-adb2
-batchMode
-noUpm
-name
AssetImportWorker0
-projectPath
D:/UnityProject/Project_R_KussoMagic
-logFile
Logs/AssetImportWorker0.log
-srvPort
63341
Successfully changed project path to: D:/UnityProject/Project_R_KussoMagic
D:/UnityProject/Project_R_KussoMagic
Using Asset Import Pipeline V2.
Refreshing native plugins compatible for Editor in 71.69 ms, found 0 plugins.
Preloading 0 native plugins for Editor in 0.00 ms.
Initialize engine version: 2020.3.3f1 (76626098c1c4)
[Subsystems] Discovering subsystems at path D:/UnityEdit/2020.3.3f1/Editor/Data/Resources/UnitySubsystems
[Subsystems] Discovering subsystems at path D:/UnityProject/Project_R_KussoMagic/Assets
GfxDevice: creating device client; threaded=0
Direct3D:
    Version:  Direct3D 11.0 [level 11.1]
    Renderer: NVIDIA GeForce GTX 1070 (ID=0x1b81)
    Vendor:   
    VRAM:     8088 MB
    Driver:   27.21.14.5671
Initialize mono
Mono path[0] = 'D:/UnityEdit/2020.3.3f1/Editor/Data/Managed'
Mono path[1] = 'D:/UnityEdit/2020.3.3f1/Editor/Data/MonoBleedingEdge/lib/mono/unityjit'
Mono config path = 'D:/UnityEdit/2020.3.3f1/Editor/Data/MonoBleedingEdge/etc'
Using monoOptions --debugger-agent=transport=dt_socket,embedding=1,server=y,suspend=n,address=127.0.0.1:56308
Begin MonoManager ReloadAssembly
Registering precompiled unity dll's ...
Register platform support module: D:/UnityEdit/2020.3.3f1/Editor/Data/PlaybackEngines/WindowsStandaloneSupport/UnityEditor.WindowsStandalone.Extensions.dll
Registered in 0.001303 seconds.
Native extension for WindowsStandalone target not found
Refreshing native plugins compatible for Editor in 71.42 ms, found 0 plugins.
Preloading 0 native plugins for Editor in 0.00 ms.
Invoked RoslynAnalysisRunner static constructor.
RoslynAnalysisRunner will not be running.
RoslynAnalysisRunner has terminated.
Mono: successfully reloaded assembly
- Completed reload, in  1.694 seconds
Platform modules already initialized, skipping
Registering precompiled user dll's ...
Registered in 0.001704 seconds.
Begin MonoManager ReloadAssembly
Native extension for WindowsStandalone target not found
Refreshing native plugins compatible for Editor in 0.62 ms, found 0 plugins.
Preloading 0 native plugins for Editor in 0.00 ms.
Invoked RoslynAnalysisRunner static constructor.
RoslynAnalysisRunner will not be running.
RoslynAnalysisRunner has terminated.
Mono: successfully reloaded assembly
- Completed reload, in  1.202 seconds
Platform modules already initialized, skipping
========================================================================
Worker process is ready to serve import requests
Launched and connected shader compiler UnityShaderCompiler.exe after 0.06 seconds
Refreshing native plugins compatible for Editor in 0.68 ms, found 0 plugins.
Preloading 0 native plugins for Editor in 0.00 ms.
Unloading 1408 Unused Serialized files (Serialized files now loaded: 0)
System memory in use before: 82.0 MB.
System memory in use after: 82.1 MB.

Unloading 9 unused Assets to reduce memory usage. Loaded Objects now: 1852.
Total: 1.870100 ms (FindLiveObjects: 0.209000 ms CreateObjectMapping: 0.090000 ms MarkObjects: 1.494600 ms  DeleteObjects: 0.075200 ms)

========================================================================
Received Import Request.
  path: Assets/0.Base/1.Script/2.Scene/BaseScene.cs
  artifactKey: Guid(79f2b35160b2e1f4caeac931adcfdf08) Importer(815301076,1909f56bfc062723c751e8b465ee728b)
Start importing Assets/0.Base/1.Script/2.Scene/BaseScene.cs using Guid(79f2b35160b2e1f4caeac931adcfdf08) Importer(815301076,1909f56bfc062723c751e8b465ee728b)  -> (artifact id: '1d8595b335cea01c1df4b4b8e319fad3') in 0.096484 seconds
  Import took 0.099636 seconds .

========================================================================
Received Import Request.
  Time since last request: 52.309877 seconds.
  path: Assets/1.Current/1.Scripts/MagicFire.cs
  artifactKey: Guid(d62f714a727274c46852db1eceee747f) Importer(815301076,1909f56bfc062723c751e8b465ee728b)
Start importing Assets/1.Current/1.Scripts/MagicFire.cs using Guid(d62f714a727274c46852db1eceee747f) Importer(815301076,1909f56bfc062723c751e8b465ee728b)  -> (artifact id: 'f116f7b1a75659ffefe601034fedb2d2') in 0.009654 seconds
  Import took 0.014092 seconds .

========================================================================
Received Prepare
Registering precompiled user dll's ...
Registered in 0.001666 seconds.
Begin MonoManager ReloadAssembly
Native extension for WindowsStandalone target not found
Refreshing native plugins compatible for Editor in 1.37 ms, found 0 plugins.
Preloading 0 native plugins for Editor in 0.00 ms.
Invoked RoslynAnalysisRunner static constructor.
RoslynAnalysisRunner will not be running.
RoslynAnalysisRunner has terminated.
Mono: successfully reloaded assembly
- Completed reload, in  1.125 seconds
Platform modules already initialized, skipping
Refreshing native plugins compatible for Editor in 0.67 ms, found 0 plugins.
Preloading 0 native plugins for Editor in 0.00 ms.
Unloading 1359 Unused Serialized files (Serialized files now loaded: 0)
System memory in use before: 77.6 MB.
System memory in use after: 77.7 MB.

Unloading 4 unused Assets to reduce memory usage. Loaded Objects now: 1856.
Total: 2.770600 ms (FindLiveObjects: 0.248600 ms CreateObjectMapping: 0.076700 ms MarkObjects: 2.419300 ms  DeleteObjects: 0.024300 ms)

========================================================================
Received Prepare
Registering precompiled user dll's ...
Registered in 0.001541 seconds.
Begin MonoManager ReloadAssembly
Native extension for WindowsStandalone target not found
Refreshing native plugins compatible for Editor in 0.61 ms, found 0 plugins.
Preloading 0 native plugins for Editor in 0.00 ms.
Invoked RoslynAnalysisRunner static constructor.
RoslynAnalysisRunner will not be running.
RoslynAnalysisRunner has terminated.
Mono: successfully reloaded assembly
- Completed reload, in  0.877 seconds
Platform modules already initialized, skipping
Refreshing native plugins compatible for Editor in 0.60 ms, found 0 plugins.
Preloading 0 native plugins for Editor in 0.00 ms.
Unloading 1359 Unused Serialized files (Serialized files now loaded: 0)
System memory in use before: 77.6 MB.
System memory in use after: 77.7 MB.

Unloading 4 unused Assets to reduce memory usage. Loaded Objects now: 1859.
Total: 1.664900 ms (FindLiveObjects: 0.158300 ms CreateObjectMapping: 0.035600 ms MarkObjects: 1.422900 ms  DeleteObjects: 0.047100 ms)

========================================================================
Received Import Request.
  Time since last request: 487.576198 seconds.
  path: Assets/1.Current/1.Scripts/MagicFire.cs
  artifactKey: Guid(d62f714a727274c46852db1eceee747f) Importer(815301076,1909f56bfc062723c751e8b465ee728b)
Start importing Assets/1.Current/1.Scripts/MagicFire.cs using Guid(d62f714a727274c46852db1eceee747f) Importer(815301076,1909f56bfc062723c751e8b465ee728b)  -> (artifact id: '83f860c403b5f0e6988f09ced5e59986') in 0.004197 seconds
  Import took 0.007085 seconds .

========================================================================
Received Import Request.
  Time since last request: 2212.198793 seconds.
  path: Assets/1.Current/1.Scripts/MagicFire.cs
  artifactKey: Guid(d62f714a727274c46852db1eceee747f) Importer(815301076,1909f56bfc062723c751e8b465ee728b)
Start importing Assets/1.Current/1.Scripts/MagicFire.cs using Guid(d62f714a727274c46852db1eceee747f) Importer(815301076,1909f56bfc062723c751e8b465ee728b)  -> (artifact id: '5607ba3304e7b3212ba9c51854ef5477') in 0.013977 seconds
  Import took 0.019939 seconds .

========================================================================
Received Import Request.
  Time since last request: 0.002953 seconds.
  path: Assets/1.Current/1.Scripts/MagicFire.cs
  artifactKey: Guid(d62f714a727274c46852db1eceee747f) Importer(815301076,1909f56bfc062723c751e8b465ee728b)
Start importing Assets/1.Current/1.Scripts/MagicFire.cs using Guid(d62f714a727274c46852db1eceee747f) Importer(815301076,1909f56bfc062723c751e8b465ee728b)  -> (artifact id: '5607ba3304e7b3212ba9c51854ef5477') in 0.005830 seconds
  Import took 0.010896 seconds .

========================================================================
Received Import Request.
  Time since last request: 324.795636 seconds.
  path: Assets/1.Current/1.Scripts/MagicFire.cs
  artifactKey: Guid(d62f714a727274c46852db1eceee747f) Importer(815301076,1909f56bfc062723c751e8b465ee728b)
Start importing Assets/1.Current/1.Scripts/MagicFire.cs using Guid(d62f714a727274c46852db1eceee747f) Importer(815301076,1909f56bfc062723c751e8b465ee728b)  -> (artifact id: '562e603dc7764dde97683306c31855e2') in 0.004965 seconds
  Import took 0.009369 seconds .

========================================================================
Received Import Request.
  Time since last request: 0.002316 seconds.
  path: Assets/1.Current/1.Scripts/MagicFire.cs
  artifactKey: Guid(d62f714a727274c46852db1eceee747f) Importer(815301076,1909f56bfc062723c751e8b465ee728b)
Start importing Assets/1.Current/1.Scripts/MagicFire.cs using Guid(d62f714a727274c46852db1eceee747f) Importer(815301076,1909f56bfc062723c751e8b465ee728b)  -> (artifact id: '562e603dc7764dde97683306c31855e2') in 0.005374 seconds
  Import took 0.012123 seconds .

========================================================================
Received Import Request.
  Time since last request: 3.812712 seconds.
  path: Assets/1.Current/1.Scripts/MagicFire1.cs
  artifactKey: Guid(724da5f970a9e4b4f801582d556ce57e) Importer(815301076,1909f56bfc062723c751e8b465ee728b)
Start importing Assets/1.Current/1.Scripts/MagicFire1.cs using Guid(724da5f970a9e4b4f801582d556ce57e) Importer(815301076,1909f56bfc062723c751e8b465ee728b)  -> (artifact id: '92b4ac3dbd57236a812eb2283a3bc2bc') in 0.008803 seconds
  Import took 0.021402 seconds .

========================================================================
Received Import Request.
  Time since last request: 7.920708 seconds.
  path: Assets/1.Current/2.Animation
  artifactKey: Guid(911dfc0049e3445bdae2a2c2afceb35f) Importer(815301076,1909f56bfc062723c751e8b465ee728b)
Start importing Assets/1.Current/2.Animation using Guid(911dfc0049e3445bdae2a2c2afceb35f) Importer(815301076,1909f56bfc062723c751e8b465ee728b)  -> (artifact id: 'dd55e36e981965645c2b5a35efb16926') in 0.007934 seconds
  Import took 0.011829 seconds .

========================================================================
Received Import Request.
  Time since last request: 5.558831 seconds.
  path: Assets/1.Current/1.Scripts/MagicFireBackup.cs
  artifactKey: Guid(724da5f970a9e4b4f801582d556ce57e) Importer(815301076,1909f56bfc062723c751e8b465ee728b)
Start importing Assets/1.Current/1.Scripts/MagicFireBackup.cs using Guid(724da5f970a9e4b4f801582d556ce57e) Importer(815301076,1909f56bfc062723c751e8b465ee728b)  -> (artifact id: '9f6347637e6a0a28473cd7479e7d6d84') in 0.011934 seconds
  Import took 0.017834 seconds .

========================================================================
Received Import Request.
  Time since last request: 422.294891 seconds.
  path: Assets/1.Current/1.Scripts/MagicFireBackup.cs
  artifactKey: Guid(724da5f970a9e4b4f801582d556ce57e) Importer(815301076,1909f56bfc062723c751e8b465ee728b)
Start importing Assets/1.Current/1.Scripts/MagicFireBackup.cs using Guid(724da5f970a9e4b4f801582d556ce57e) Importer(815301076,1909f56bfc062723c751e8b465ee728b)  -> (artifact id: 'd226d98f70161301b2662f357e3d3d34') in 0.006226 seconds
  Import took 0.016702 seconds .

========================================================================
Received Prepare
Registering precompiled user dll's ...
Registered in 0.001093 seconds.
Begin MonoManager ReloadAssembly
Native extension for WindowsStandalone target not found
Refreshing native plugins compatible for Editor in 0.59 ms, found 0 plugins.
Preloading 0 native plugins for Editor in 0.00 ms.
Invoked RoslynAnalysisRunner static constructor.
RoslynAnalysisRunner will not be running.
RoslynAnalysisRunner has terminated.
Mono: successfully reloaded assembly
- Completed reload, in  0.941 seconds
Platform modules already initialized, skipping
Refreshing native plugins compatible for Editor in 0.77 ms, found 0 plugins.
Preloading 0 native plugins for Editor in 0.00 ms.
Unloading 1360 Unused Serialized files (Serialized files now loaded: 0)
System memory in use before: 77.7 MB.
System memory in use after: 77.8 MB.

Unloading 4 unused Assets to reduce memory usage. Loaded Objects now: 1863.
Total: 1.904800 ms (FindLiveObjects: 0.205300 ms CreateObjectMapping: 0.066100 ms MarkObjects: 1.604300 ms  DeleteObjects: 0.027300 ms)

========================================================================
Received Import Request.
  Time since last request: 63.342885 seconds.
  path: Assets/1.Current/1.Scripts/MagicFireBackup.cs
  artifactKey: Guid(724da5f970a9e4b4f801582d556ce57e) Importer(815301076,1909f56bfc062723c751e8b465ee728b)
Start importing Assets/1.Current/1.Scripts/MagicFireBackup.cs using Guid(724da5f970a9e4b4f801582d556ce57e) Importer(815301076,1909f56bfc062723c751e8b465ee728b)  -> (artifact id: '7aa593bda893a0a2bcfe44275166f756') in 0.004441 seconds
  Import took 0.007538 seconds .

========================================================================
Received Import Request.
  Time since last request: 13.389386 seconds.
  path: Assets/0.Base/0.Scene/4.GameScene
  artifactKey: Guid(69568ae243ec862439afbe29f7009341) Importer(815301076,1909f56bfc062723c751e8b465ee728b)
Start importing Assets/0.Base/0.Scene/4.GameScene using Guid(69568ae243ec862439afbe29f7009341) Importer(815301076,1909f56bfc062723c751e8b465ee728b)  -> (artifact id: 'f1035218ef97779771b7e808b6afb254') in 0.008038 seconds
  Import took 0.011881 seconds .

========================================================================
Received Import Request.
  Time since last request: 1.981938 seconds.
  path: Assets/0.Base/0.Scene/4.GameScene/GameScene.unity
  artifactKey: Guid(747f9f43c23e340428640c8f0799f8a0) Importer(815301076,1909f56bfc062723c751e8b465ee728b)
Start importing Assets/0.Base/0.Scene/4.GameScene/GameScene.unity using Guid(747f9f43c23e340428640c8f0799f8a0) Importer(815301076,1909f56bfc062723c751e8b465ee728b)  -> (artifact id: '4ef5d839ef93b3298cdf51225a047bde') in 0.017962 seconds
  Import took 0.024260 seconds .

========================================================================
Received Import Request.
  Time since last request: 126.899536 seconds.
  path: Assets/1.Current/1.Scripts/MagicFire.cs
  artifactKey: Guid(d62f714a727274c46852db1eceee747f) Importer(815301076,1909f56bfc062723c751e8b465ee728b)
Start importing Assets/1.Current/1.Scripts/MagicFire.cs using Guid(d62f714a727274c46852db1eceee747f) Importer(815301076,1909f56bfc062723c751e8b465ee728b)  -> (artifact id: 'b7d710db7799db6f5e8458a1626f648d') in 0.002584 seconds
  Import took 0.006940 seconds .

========================================================================
Received Prepare
Registering precompiled user dll's ...
Registered in 0.001186 seconds.
Begin MonoManager ReloadAssembly
Native extension for WindowsStandalone target not found
Refreshing native plugins compatible for Editor in 0.98 ms, found 0 plugins.
Preloading 0 native plugins for Editor in 0.00 ms.
Invoked RoslynAnalysisRunner static constructor.
RoslynAnalysisRunner will not be running.
RoslynAnalysisRunner has terminated.
Mono: successfully reloaded assembly
- Completed reload, in  0.914 seconds
Platform modules already initialized, skipping
Refreshing native plugins compatible for Editor in 0.61 ms, found 0 plugins.
Preloading 0 native plugins for Editor in 0.00 ms.
Unloading 1360 Unused Serialized files (Serialized files now loaded: 0)
System memory in use before: 77.7 MB.
System memory in use after: 77.8 MB.

Unloading 4 unused Assets to reduce memory usage. Loaded Objects now: 1866.
Total: 2.018300 ms (FindLiveObjects: 0.259300 ms CreateObjectMapping: 0.044300 ms MarkObjects: 1.661100 ms  DeleteObjects: 0.052000 ms)

AssetImportWorkerClient::OnTransportError - code=2 error=End of file
